2023-11-05 20:49:50 INFO::Writing function arguments to log file
2023-11-05 20:49:50 DEBUG::Function arguments
2023-11-05 20:49:50 DEBUG::Output folder: ./data/Interim_output/Maaslin_LCMS_M
2023-11-05 20:49:50 DEBUG::Min Abundance: 0.000000
2023-11-05 20:49:50 DEBUG::Min Prevalence: 0.700000
2023-11-05 20:49:50 DEBUG::Normalization: TSS
2023-11-05 20:49:50 DEBUG::Transform: LOG
2023-11-05 20:49:50 DEBUG::Analysis method: LM
2023-11-05 20:49:50 DEBUG::Max significance: 0.150000
2023-11-05 20:49:50 DEBUG::Random effects: Batch
2023-11-05 20:49:50 DEBUG::Fixed effects: Category,Metabolomics_Run
2023-11-05 20:49:50 DEBUG::Correction method: BH
2023-11-05 20:49:50 DEBUG::Standardize: TRUE
2023-11-05 20:49:50 DEBUG::Cores: 1
2023-11-05 20:49:50 INFO::Verifying options selected are valid
2023-11-05 20:49:50 INFO::Determining format of input files
2023-11-05 20:49:50 INFO::Input format is data samples as rows and metadata samples as rows
2023-11-05 20:49:50 DEBUG::A total of 44 samples were found in both the data and metadata
2023-11-05 20:49:50 DEBUG::Reordering data/metadata to use same sample ordering
2023-11-05 20:49:50 INFO::Formula for random effects: expr ~ (1 | Batch)
2023-11-05 20:49:50 INFO::Formula for fixed effects: expr ~  Category + Metabolomics_Run
2023-11-05 20:49:50 INFO::Filter data based on min abundance and min prevalence
2023-11-05 20:49:50 INFO::Total samples in data: 44
2023-11-05 20:49:50 INFO::Min samples required with min abundance for a feature not to be filtered: 30.800000
2023-11-05 20:49:50 INFO::Total filtered features: 0
2023-11-05 20:49:50 INFO::Filtered feature names from abundance and prevalence filtering:
2023-11-05 20:49:50 INFO::Total filtered features with variance filtering: 0
2023-11-05 20:49:50 INFO::Filtered feature names from variance filtering:
2023-11-05 20:49:50 INFO::Running selected normalization method: TSS
2023-11-05 20:49:50 INFO::Applying z-score to standardize continuous metadata
2023-11-05 20:49:50 INFO::Running selected transform method: LOG
2023-11-05 20:49:50 INFO::Running selected analysis method: LM
2023-11-05 20:49:50 INFO::Fitting model to feature number 1, Corticosterone
2023-11-05 20:49:50 INFO::Fitting model to feature number 2, Glutamic_acid
2023-11-05 20:49:50 INFO::Fitting model to feature number 3, Glutamine
2023-11-05 20:49:51 INFO::Fitting model to feature number 4, Histamine
2023-11-05 20:49:51 INFO::Fitting model to feature number 5, Indolelactic_acid
2023-11-05 20:49:51 INFO::Fitting model to feature number 6, Kynurenic_acid
2023-11-05 20:49:51 INFO::Fitting model to feature number 7, Kynurenine
2023-11-05 20:49:51 INFO::Fitting model to feature number 8, Serotonin
2023-11-05 20:49:51 INFO::Fitting model to feature number 9, Thyroxine
2023-11-05 20:49:51 INFO::Fitting model to feature number 10, Tryptophan
2023-11-05 20:49:52 INFO::Fitting model to feature number 11, GABA
2023-11-05 20:49:52 INFO::Counting total values for each feature
2023-11-05 20:49:52 INFO::Writing filtered data to file ./data/Interim_output/Maaslin_LCMS_M/features/filtered_data.tsv
2023-11-05 20:49:52 INFO::Writing filtered, normalized data to file ./data/Interim_output/Maaslin_LCMS_M/features/filtered_data_norm.tsv
2023-11-05 20:49:52 INFO::Writing filtered, normalized, transformed data to file ./data/Interim_output/Maaslin_LCMS_M/features/filtered_data_norm_transformed.tsv
2023-11-05 20:49:52 INFO::Writing residuals to file ./data/Interim_output/Maaslin_LCMS_M/fits/residuals.rds
2023-11-05 20:49:52 INFO::Writing fitted values to file ./data/Interim_output/Maaslin_LCMS_M/fits/fitted.rds
2023-11-05 20:49:52 INFO::Writing extracted random effects to file ./data/Interim_output/Maaslin_LCMS_M/fits/ranef.rds
2023-11-05 20:49:52 INFO::Writing all results to file (ordered by increasing q-values): ./data/Interim_output/Maaslin_LCMS_M/all_results.tsv
2023-11-05 20:49:52 INFO::Writing the significant results (those which are less than or equal to the threshold of 0.150000 ) to file (ordered by increasing q-values): ./data/Interim_output/Maaslin_LCMS_M/significant_results.tsv
2023-11-05 20:49:52 INFO::Writing heatmap of significant results to file: ./data/Interim_output/Maaslin_LCMS_M/heatmap.pdf
2023-11-05 20:49:52 INFO::Writing association plots (one for each significant association) to output folder: ./data/Interim_output/Maaslin_LCMS_M
